This is pdfTeX, Version 3.141592653-2.6-1.40.25 (MiKTeX 23.5) (preloaded format=pdflatex 2023.5.13)  13 MAY 2023 18:52
entering extended mode
 restricted \write18 enabled.
 %&-line parsing enabled.
**./bibliografia.tex
(bibliografia.tex
LaTeX2e <2022-11-01> patch level 1
L3 programming layer <2023-05-11>)
! Emergency stop.
<*> ./bibliografia.tex
                      
*** (job aborted, no legal \end found)

 
Here is how much of TeX's memory you used:
 18 strings out of 476361
 799 string characters out of 5788046
 1850993 words of memory out of 5000000
 20527 multiletter control sequences out of 15000+600000
 512287 words of font info for 32 fonts, out of 8000000 for 9000
 1141 hyphenation exceptions out of 8191
 13i,0n,12p,50b,10s stack positions out of 10000i,1000n,20000p,200000b,200000s
!  ==> Fatal error occurred, no output PDF file produced!
